  Transform.cpp
C:\Users\conno\source\repos\OpenDemeyer2D\OpenDemeyer2D\OpenDemeyer2D\ComponentBase.h(98,24): error C3856: 'Component': symbol is not a class template
C:\Users\conno\source\repos\OpenDemeyer2D\OpenDemeyer2D\OpenDemeyer2D\ComponentBase.h(108): message : see reference to class template instantiation 'TypeIdentifier<T>' being compiled
C:\Users\conno\source\repos\OpenDemeyer2D\OpenDemeyer2D\OpenDemeyer2D\ComponentBase.h(98,1): error C2098: unexpected token after data member 'T'
C:\Users\conno\source\repos\OpenDemeyer2D\OpenDemeyer2D\OpenDemeyer2D\ComponentBase.h(98,26): error C2059: syntax error: '>'
C:\Users\conno\source\repos\OpenDemeyer2D\OpenDemeyer2D\OpenDemeyer2D\ComponentBase.h(112,1): error C2989: 'Component': class template has already been declared as a non-class template
C:\Users\conno\source\repos\OpenDemeyer2D\OpenDemeyer2D\OpenDemeyer2D\ComponentBase.h(98): message : see declaration of 'Component'
C:\Users\conno\source\repos\OpenDemeyer2D\OpenDemeyer2D\OpenDemeyer2D\ComponentBase.h(111,1): error C3857: 'Component': multiple template parameter lists are not allowed
C:\Users\conno\source\repos\OpenDemeyer2D\OpenDemeyer2D\OpenDemeyer2D\Components\Transform.h(6,41): error C2504: 'Component': base class undefined
C:\Users\conno\source\repos\OpenDemeyer2D\OpenDemeyer2D\OpenDemeyer2D\Components\Transform.h(6,41): error C2143: syntax error: missing ',' before '<'
C:\Users\conno\source\repos\OpenDemeyer2D\OpenDemeyer2D\OpenDemeyer2D\Components\Transform.h(15,7): error C3668: 'Transform::BeginPlay': method with override specifier 'override' did not override any base class methods
C:\Users\conno\source\repos\OpenDemeyer2D\OpenDemeyer2D\OpenDemeyer2D\Components\Transform.h(17,7): error C3668: 'Transform::RenderImGui': method with override specifier 'override' did not override any base class methods
C:\Users\conno\source\repos\OpenDemeyer2D\OpenDemeyer2D\OpenDemeyer2D\Components\RenderComponent.h(8,47): error C2504: 'Component': base class undefined
C:\Users\conno\source\repos\OpenDemeyer2D\OpenDemeyer2D\OpenDemeyer2D\Components\RenderComponent.h(8,47): error C2143: syntax error: missing ',' before '<'
C:\Users\conno\source\repos\OpenDemeyer2D\OpenDemeyer2D\OpenDemeyer2D\Components\RenderComponent.h(19,7): error C3668: 'RenderComponent::BeginPlay': method with override specifier 'override' did not override any base class methods
C:\Users\conno\source\repos\OpenDemeyer2D\OpenDemeyer2D\OpenDemeyer2D\Components\RenderComponent.h(29,7): error C3668: 'RenderComponent::RenderImGui': method with override specifier 'override' did not override any base class methods
C:\Users\conno\source\repos\OpenDemeyer2D\OpenDemeyer2D\OpenDemeyer2D\GameObject.h(174,23): error C2039: 'm_pParent': is not a member of 'RenderComponent'
C:\Users\conno\source\repos\OpenDemeyer2D\OpenDemeyer2D\OpenDemeyer2D\Components\RenderComponent.h(8): message : see declaration of 'RenderComponent'
C:\Users\conno\source\repos\OpenDemeyer2D\OpenDemeyer2D\OpenDemeyer2D\GameObject.h(79,2): message : This diagnostic occurred in the compiler generated function 'enable_if<std::is_base_of_v<ComponentBase,T>,T*>::type GameObject::AddComponent(void)'
C:\Users\conno\source\repos\OpenDemeyer2D\OpenDemeyer2D\OpenDemeyer2D\Components\Transform.cpp(87,5): error C2660: 'GetParent': function does not take 0 arguments
C:\Program Files (x86)\Windows Kits\10\Include\10.0.19041.0\um\winuser.h(10029,1): message : see declaration of 'GetParent'
C:\Users\conno\source\repos\OpenDemeyer2D\OpenDemeyer2D\OpenDemeyer2D\Components\Transform.cpp(101,36): error C2660: 'GetParent': function does not take 0 arguments
C:\Program Files (x86)\Windows Kits\10\Include\10.0.19041.0\um\winuser.h(10029,1): message : see declaration of 'GetParent'
C:\Users\conno\source\repos\OpenDemeyer2D\OpenDemeyer2D\OpenDemeyer2D\Components\Transform.cpp(101,25): error C2143: syntax error: missing ';' before ':'
C:\Users\conno\source\repos\OpenDemeyer2D\OpenDemeyer2D\OpenDemeyer2D\Components\Transform.cpp(101,2): error C2660: 'GetParent': function does not take 0 arguments
C:\Program Files (x86)\Windows Kits\10\Include\10.0.19041.0\um\winuser.h(10029,1): message : see declaration of 'GetParent'
C:\Users\conno\source\repos\OpenDemeyer2D\OpenDemeyer2D\OpenDemeyer2D\Components\Transform.cpp(101,53): error C2143: syntax error: missing ';' before ')'
C:\Users\conno\source\repos\OpenDemeyer2D\OpenDemeyer2D\OpenDemeyer2D\Components\Transform.cpp(118,38): error C2660: 'GetParent': function does not take 0 arguments
C:\Program Files (x86)\Windows Kits\10\Include\10.0.19041.0\um\winuser.h(10029,1): message : see declaration of 'GetParent'
C:\Users\conno\source\repos\OpenDemeyer2D\OpenDemeyer2D\OpenDemeyer2D\Components\Transform.cpp(118,27): error C2143: syntax error: missing ';' before ':'
C:\Users\conno\source\repos\OpenDemeyer2D\OpenDemeyer2D\OpenDemeyer2D\Components\Transform.cpp(118,2): error C2660: 'GetParent': function does not take 0 arguments
C:\Program Files (x86)\Windows Kits\10\Include\10.0.19041.0\um\winuser.h(10029,1): message : see declaration of 'GetParent'
C:\Users\conno\source\repos\OpenDemeyer2D\OpenDemeyer2D\OpenDemeyer2D\Components\Transform.cpp(118,55): error C2143: syntax error: missing ';' before ')'
